{"C:\\Users\\Kartik Gavali\\Documents\\Bootcamp Foundational Training\\Cloud Fundamentals\\node-app-cicd\\app.js": {"path":"C:\\Users\\Kartik Gavali\\Documents\\Bootcamp Foundational Training\\Cloud Fundamentals\\node-app-cicd\\app.js","statementMap":{"0":{"start":{"line":1,"column":16},"end":{"line":1,"column":34}},"1":{"start":{"line":2,"column":14},"end":{"line":2,"column":31}},"2":{"start":{"line":4,"column":0},"end":{"line":4,"column":27}},"3":{"start":{"line":6,"column":12},"end":{"line":6,"column":21}},"4":{"start":{"line":7,"column":0},"end":{"line":7,"column":24}},"5":{"start":{"line":9,"column":11},"end":{"line":15,"column":2}},"6":{"start":{"line":18,"column":0},"end":{"line":28,"column":3}},"7":{"start":{"line":19,"column":26},"end":{"line":19,"column":34}},"8":{"start":{"line":21,"column":16},"end":{"line":21,"column":63}},"9":{"start":{"line":22,"column":2},"end":{"line":27,"column":5}},"10":{"start":{"line":23,"column":4},"end":{"line":25,"column":5}},"11":{"start":{"line":24,"column":6},"end":{"line":24,"column":58}},"12":{"start":{"line":26,"column":4},"end":{"line":26,"column":74}},"13":{"start":{"line":31,"column":0},"end":{"line":40,"column":3}},"14":{"start":{"line":32,"column":16},"end":{"line":32,"column":37}},"15":{"start":{"line":34,"column":2},"end":{"line":39,"column":5}},"16":{"start":{"line":35,"column":4},"end":{"line":37,"column":5}},"17":{"start":{"line":36,"column":6},"end":{"line":36,"column":58}},"18":{"start":{"line":38,"column":4},"end":{"line":38,"column":22}},"19":{"start":{"line":42,"column":0},"end":{"line":58,"column":3}},"20":{"start":{"line":43,"column":17},"end":{"line":43,"column":27}},"21":{"start":{"line":45,"column":16},"end":{"line":45,"column":48}},"22":{"start":{"line":47,"column":2},"end":{"line":57,"column":5}},"23":{"start":{"line":48,"column":4},"end":{"line":50,"column":5}},"24":{"start":{"line":49,"column":6},"end":{"line":49,"column":58}},"25":{"start":{"line":52,"column":4},"end":{"line":54,"column":5}},"26":{"start":{"line":53,"column":6},"end":{"line":53,"column":65}},"27":{"start":{"line":56,"column":4},"end":{"line":56,"column":55}},"28":{"start":{"line":60,"column":0},"end":{"line":62,"column":3}},"29":{"start":{"line":61,"column":2},"end":{"line":61,"column":32}},"30":{"start":{"line":64,"column":13},"end":{"line":64,"column":37}},"31":{"start":{"line":66,"column":0},"end":{"line":70,"column":1}},"32":{"start":{"line":67,"column":2},"end":{"line":69,"column":5}},"33":{"start":{"line":68,"column":4},"end":{"line":68,"column":50}},"34":{"start":{"line":72,"column":0},"end":{"line":72,"column":21}}},"fnMap":{"0":{"name":"(anonymous_0)","decl":{"start":{"line":18,"column":22},"end":{"line":18,"column":23}},"loc":{"start":{"line":18,"column":36},"end":{"line":28,"column":1}},"line":18},"1":{"name":"(anonymous_1)","decl":{"start":{"line":22,"column":33},"end":{"line":22,"column":34}},"loc":{"start":{"line":22,"column":50},"end":{"line":27,"column":3}},"line":22},"2":{"name":"(anonymous_2)","decl":{"start":{"line":31,"column":18},"end":{"line":31,"column":19}},"loc":{"start":{"line":31,"column":32},"end":{"line":40,"column":1}},"line":31},"3":{"name":"(anonymous_3)","decl":{"start":{"line":34,"column":18},"end":{"line":34,"column":19}},"loc":{"start":{"line":34,"column":36},"end":{"line":39,"column":3}},"line":34},"4":{"name":"(anonymous_4)","decl":{"start":{"line":42,"column":25},"end":{"line":42,"column":26}},"loc":{"start":{"line":42,"column":39},"end":{"line":58,"column":1}},"line":42},"5":{"name":"(anonymous_5)","decl":{"start":{"line":47,"column":24},"end":{"line":47,"column":25}},"loc":{"start":{"line":47,"column":41},"end":{"line":57,"column":3}},"line":47},"6":{"name":"(anonymous_6)","decl":{"start":{"line":60,"column":13},"end":{"line":60,"column":14}},"loc":{"start":{"line":60,"column":27},"end":{"line":62,"column":1}},"line":60},"7":{"name":"(anonymous_7)","decl":{"start":{"line":67,"column":19},"end":{"line":67,"column":20}},"loc":{"start":{"line":67,"column":25},"end":{"line":69,"column":3}},"line":67}},"branchMap":{"0":{"loc":{"start":{"line":23,"column":4},"end":{"line":25,"column":5}},"type":"if","locations":[{"start":{"line":23,"column":4},"end":{"line":25,"column":5}},{"start":{},"end":{}}],"line":23},"1":{"loc":{"start":{"line":35,"column":4},"end":{"line":37,"column":5}},"type":"if","locations":[{"start":{"line":35,"column":4},"end":{"line":37,"column":5}},{"start":{},"end":{}}],"line":35},"2":{"loc":{"start":{"line":48,"column":4},"end":{"line":50,"column":5}},"type":"if","locations":[{"start":{"line":48,"column":4},"end":{"line":50,"column":5}},{"start":{},"end":{}}],"line":48},"3":{"loc":{"start":{"line":52,"column":4},"end":{"line":54,"column":5}},"type":"if","locations":[{"start":{"line":52,"column":4},"end":{"line":54,"column":5}},{"start":{},"end":{}}],"line":52},"4":{"loc":{"start":{"line":64,"column":13},"end":{"line":64,"column":37}},"type":"binary-expr","locations":[{"start":{"line":64,"column":13},"end":{"line":64,"column":29}},{"start":{"line":64,"column":33},"end":{"line":64,"column":37}}],"line":64},"5":{"loc":{"start":{"line":66,"column":0},"end":{"line":70,"column":1}},"type":"if","locations":[{"start":{"line":66,"column":0},"end":{"line":70,"column":1}},{"start":{},"end":{}}],"line":66}},"s":{"0":2,"1":2,"2":2,"3":2,"4":2,"5":2,"6":2,"7":1,"8":1,"9":1,"10":1,"11":0,"12":1,"13":2,"14":1,"15":1,"16":1,"17":0,"18":1,"19":2,"20":1,"21":1,"22":1,"23":1,"24":0,"25":1,"26":0,"27":1,"28":2,"29":1,"30":2,"31":2,"32":0,"33":0,"34":2},"f":{"0":1,"1":1,"2":1,"3":1,"4":1,"5":1,"6":1,"7":0},"b":{"0":[0,1],"1":[0,1],"2":[0,1],"3":[0,1],"4":[2,0],"5":[0,2]},"_coverageSchema":"1a1c01bbd47fc00a2c39e90264f33305004495a9","hash":"ce7378aa01288a78a19c51c2fd20da8d629d1fe2"}
}
