TN:
SF:app.js
FN:18,(anonymous_0)
FN:22,(anonymous_1)
FN:31,(anonymous_2)
FN:34,(anonymous_3)
FN:42,(anonymous_4)
FN:47,(anonymous_5)
FN:60,(anonymous_6)
FN:67,(anonymous_7)
FNF:8
FNH:7
FNDA:1,(anonymous_0)
FNDA:1,(anonymous_1)
FNDA:1,(anonymous_2)
FNDA:1,(anonymous_3)
FNDA:1,(anonymous_4)
FNDA:1,(anonymous_5)
FNDA:1,(anonymous_6)
FNDA:0,(anonymous_7)
DA:1,2
DA:2,2
DA:4,2
DA:6,2
DA:7,2
DA:9,2
DA:18,2
DA:19,1
DA:21,1
DA:22,1
DA:23,1
DA:24,0
DA:26,1
DA:31,2
DA:32,1
DA:34,1
DA:35,1
DA:36,0
DA:38,1
DA:42,2
DA:43,1
DA:45,1
DA:47,1
DA:48,1
DA:49,0
DA:52,1
DA:53,0
DA:56,1
DA:60,2
DA:61,1
DA:64,2
DA:66,2
DA:67,0
DA:68,0
DA:72,2
LF:35
LH:29
BRDA:23,0,0,0
BRDA:23,0,1,1
BRDA:35,1,0,0
BRDA:35,1,1,1
BRDA:48,2,0,0
BRDA:48,2,1,1
BRDA:52,3,0,0
BRDA:52,3,1,1
BRDA:64,4,0,2
BRDA:64,4,1,0
BRDA:66,5,0,0
BRDA:66,5,1,2
BRF:12
BRH:6
end_of_record
